__main__ - INFO - start game - 2023-01-21 12:48:06,054
__main__ - INFO - start game - 2023-01-21 13:04:55,122
__main__ - INFO - The user is in the 'main' section - 2023-01-21 13:04:58,536
__main__ - INFO - The user entered the '-login' command in the 'main' section - 2023-01-21 13:05:01,765
__main__ - INFO - The user is in the 'login' section - 2023-01-21 13:05:01,777
__main__ - INFO - 'behdad' login - 2023-01-21 13:05:06,914
__main__ - INFO - behdad is in the 'level' section, wallet:50 - 2023-01-21 13:05:09,575
__main__ - INFO - behdad entered the '-adv', wallet:50 - 2023-01-21 13:05:13,137
__main__ - INFO - behdad ads ended and 5 coins were added to the wallet, wallet:55 - 2023-01-21 13:05:26,277
__main__ - INFO - behdad is in the 'level' section, wallet:55 - 2023-01-21 13:05:26,283
__main__ - INFO - behdad entered the '-logout' command in the 'levels' section and logged out, wallet:55 - 2023-01-21 13:06:44,377
__main__ - INFO - The user is in the 'main' section - 2023-01-21 13:06:46,338
__main__ - INFO - The user entered the '-exit' command in the 'main' section - 2023-01-21 13:06:51,052
__main__ - INFO - start game - 2023-01-23 23:18:55,729
__main__ - INFO - The user is in the 'main' section - 2023-01-23 23:18:59,349
__main__ - INFO - The user entered the '-login' command in the 'main' section - 2023-01-23 23:19:16,364
__main__ - INFO - The user is in the 'login' section - 2023-01-23 23:19:16,373
__main__ - INFO - 'behdad' login - 2023-01-23 23:19:20,291
__main__ - INFO - the user entered an unauthorized command >>> dasd in the 'main' section - 2023-01-23 23:19:31,027
__main__ - INFO - behdad entered the '-logout' command in the 'games' section and logged out, wallet:55 - 2023-01-23 23:19:38,044
__main__ - INFO - The user is in the 'main' section - 2023-01-23 23:19:39,957
__main__ - INFO - The user entered the '-help' command in the 'main' section - 2023-01-23 23:19:43,317
__main__ - INFO - The user is in the 'main' section - 2023-01-23 23:19:44,459
__main__ - INFO - The user entered the '-login' command in the 'main' section - 2023-01-23 23:19:47,172
__main__ - INFO - The user is in the 'login' section - 2023-01-23 23:19:47,181
__main__ - INFO - 'behdad' login - 2023-01-23 23:19:57,900
__main__ - INFO - behdad is in the 'level' section, wallet:55 - 2023-01-23 23:20:06,531
__main__ - INFO - behdad is in the 'level' section, wallet:55 - 2023-01-23 23:21:04,170
__main__ - INFO - start game - 2023-01-23 23:23:32,713
__main__ - INFO - The user is in the 'main' section - 2023-01-23 23:23:36,115
__main__ - INFO - The user entered the '-login' command in the 'main' section - 2023-01-23 23:23:38,611
__main__ - INFO - The user is in the 'login' section - 2023-01-23 23:23:38,620
__main__ - INFO - 'behdad' login - 2023-01-23 23:23:42,347
__main__ - INFO - behdad is in the 'level' section, wallet:55 - 2023-01-23 23:23:46,763
__main__ - INFO - the user entered an unauthorized command >>> fsdf in the 'main' section - 2023-01-23 23:23:58,547
__main__ - INFO - The user entered the '-register' command in the 'main' section - 2023-01-23 23:24:28,277
__main__ - INFO - The user entered the '-exit' command in the 'main' section - 2023-01-23 23:24:33,092
__main__ - INFO - behdad is in the 'level' section, wallet:55 - 2023-01-23 23:24:51,437
__main__ - INFO - the user entered an unauthorized command >>> behdad in the 'levels' section - 2023-01-23 23:25:00,357
__main__ - INFO - behdad is in the 'level' section, wallet:55 - 2023-01-23 23:25:01,073
__main__ - INFO - the user entered an unauthorized command >>> behdad in the 'levels' section - 2023-01-23 23:25:03,838
__main__ - INFO - behdad is in the 'level' section, wallet:55 - 2023-01-23 23:25:04,555
__main__ - INFO - start game - 2023-01-23 23:25:37,070
__main__ - INFO - The user is in the 'main' section - 2023-01-23 23:25:40,603
__main__ - INFO - The user entered the '-login' command in the 'main' section - 2023-01-23 23:25:43,470
__main__ - INFO - The user is in the 'login' section - 2023-01-23 23:25:43,482
__main__ - INFO - 'behdad' login - 2023-01-23 23:25:49,631
__main__ - INFO - start game - 2023-01-23 23:25:57,915
__main__ - INFO - The user is in the 'main' section - 2023-01-23 23:26:01,591
__main__ - INFO - The user entered the '-login' command in the 'main' section - 2023-01-23 23:26:04,320
__main__ - INFO - The user is in the 'login' section - 2023-01-23 23:26:04,329
__main__ - INFO - 'behdad' login - 2023-01-23 23:26:09,223
__main__ - INFO - behdad is in the 'level' section, wallet:55 - 2023-01-23 23:26:15,642
__main__ - INFO - behdad is in the 'level' section, wallet:55 - 2023-01-23 23:26:25,594
__main__ - INFO - the user entered an unauthorized command >>> behdad in the 'levels' section - 2023-01-23 23:27:00,337
__main__ - INFO - behdad is in the 'level' section, wallet:55 - 2023-01-23 23:27:01,055
__main__ - INFO - behdad is in the 'level' section, wallet:55 - 2023-01-23 23:27:04,610
__main__ - INFO - behdad entered the '-adv', wallet:55 - 2023-01-23 23:27:52,946
__main__ - INFO - behdad ads ended and 5 coins were added to the wallet, wallet:60 - 2023-01-23 23:28:06,077
__main__ - INFO - behdad is in the 'level' section, wallet:60 - 2023-01-23 23:28:06,085
__main__ - INFO - behdad is in the 'level' section, wallet:60 - 2023-01-23 23:28:12,747
__main__ - INFO - start game - 2023-01-23 23:29:49,228
__main__ - INFO - The user is in the 'main' section - 2023-01-23 23:29:52,809
__main__ - INFO - the user entered an unauthorized command >>> -loggin in the 'main' section - 2023-01-23 23:30:29,087
__main__ - INFO - The user is in the 'main' section - 2023-01-23 23:30:29,794
__main__ - INFO - The user entered the '-login' command in the 'main' section - 2023-01-23 23:30:31,799
__main__ - INFO - The user is in the 'login' section - 2023-01-23 23:30:31,813
__main__ - INFO - 'behdad' login - 2023-01-23 23:30:36,327
__main__ - INFO - behdad is in the 'level' section, wallet:55 - 2023-01-23 23:30:41,336
__main__ - INFO - behdad is in the 'level' section, wallet:55 - 2023-01-23 23:30:44,460
__main__ - INFO - behdad is in the 'level' section, wallet:55 - 2023-01-23 23:30:49,568
__main__ - INFO - the user entered an unauthorized command >>> behdad in the 'levels' section - 2023-01-23 23:30:52,815
__main__ - INFO - behdad is in the 'level' section, wallet:55 - 2023-01-23 23:30:53,534
__main__ - INFO - start game - 2023-01-24 10:18:51,421
__main__ - INFO - start game - 2023-01-24 10:20:47,585
__main__ - INFO - The user is in the 'main' section - 2023-01-24 10:20:51,122
__main__ - INFO - The user entered the '-login' command in the 'main' section - 2023-01-24 10:20:54,273
__main__ - INFO - The user is in the 'login' section - 2023-01-24 10:20:54,282
__main__ - INFO - 'behdad' login - 2023-01-24 10:20:59,593
__main__ - INFO - behdad is in the 'level' section, wallet:55 - 2023-01-24 10:21:05,426
__main__ - INFO - start game - 2023-01-24 10:23:39,338
__main__ - INFO - The user is in the 'main' section - 2023-01-24 10:23:42,813
__main__ - INFO - start game - 2023-01-24 10:24:12,779
__main__ - INFO - The user is in the 'main' section - 2023-01-24 10:24:16,243
__main__ - INFO - the user entered an unauthorized command >>> -login in the 'main' section - 2023-01-24 10:24:26,982
__main__ - INFO - The user is in the 'main' section - 2023-01-24 10:24:27,695
__main__ - INFO - the user entered an unauthorized command >>> -login in the 'main' section - 2023-01-24 10:24:29,878
__main__ - INFO - The user is in the 'main' section - 2023-01-24 10:24:30,589
__main__ - INFO - the user entered an unauthorized command >>> -login in the 'main' section - 2023-01-24 10:24:32,951
__main__ - INFO - The user is in the 'main' section - 2023-01-24 10:24:33,662
__main__ - INFO - start game - 2023-01-24 10:24:47,763
__main__ - INFO - The user is in the 'main' section - 2023-01-24 10:24:51,326
__main__ - INFO - The user entered the '-login' command in the 'main' section - 2023-01-24 10:24:53,783
__main__ - INFO - The user is in the 'login' section - 2023-01-24 10:24:53,792
__main__ - INFO - 'behdad' login - 2023-01-24 10:24:59,271
__main__ - INFO - behdad is in the 'level' section, wallet:55 - 2023-01-24 10:25:04,513
__main__ - INFO - behdad is in the 'level' section, wallet:55 - 2023-01-24 10:25:18,017
__main__ - INFO - the user entered an unauthorized command >>> behdad in the 'levels' section - 2023-01-24 10:25:26,152
__main__ - INFO - behdad is in the 'level' section, wallet:55 - 2023-01-24 10:25:26,869
__main__ - INFO - behdad is in the 'level' section, wallet:55 - 2023-01-24 10:25:36,213
__main__ - INFO - the user entered an unauthorized command >>> behdad in the 'levels' section - 2023-01-24 10:25:41,408
__main__ - INFO - behdad is in the 'level' section, wallet:55 - 2023-01-24 10:25:42,122
__main__ - INFO - behdad is in the 'level' section, wallet:55 - 2023-01-24 10:25:48,982
__main__ - INFO - start game - 2023-01-24 11:44:46,974
__main__ - INFO - The user is in the 'main' section - 2023-01-24 11:44:50,484
__main__ - INFO - start game - 2023-01-24 11:45:15,833
__main__ - INFO - The user is in the 'main' section - 2023-01-24 11:45:19,377
__main__ - INFO - start game - 2023-01-24 11:52:58,284
__main__ - INFO - The user is in the 'main' section - 2023-01-24 11:53:01,703
__main__ - INFO - start game - 2023-01-24 11:53:15,797
__main__ - INFO - The user is in the 'main' section - 2023-01-24 11:53:19,322
__main__ - INFO - the user entered an unauthorized command >>> -lde in the 'main' section - 2023-01-24 11:53:49,675
__main__ - INFO - The user is in the 'main' section - 2023-01-24 11:53:50,384
__main__ - INFO - the user entered an unauthorized command >>> -dasd in the 'main' section - 2023-01-24 11:53:53,338
__main__ - INFO - The user is in the 'main' section - 2023-01-24 11:53:54,050
__main__ - INFO - the user entered an unauthorized command >>> - in the 'main' section - 2023-01-24 11:53:55,226
__main__ - INFO - The user is in the 'main' section - 2023-01-24 11:53:55,932
__main__ - INFO - start game - 2023-01-24 11:54:04,513
__main__ - INFO - start game - 2023-01-24 11:59:32,785
__main__ - INFO - The user is in the 'main' section - 2023-01-24 11:59:36,229
__main__ - INFO - The user entered the '-login' command in the 'main' section - 2023-01-24 11:59:42,766
__main__ - INFO - The user is in the 'login' section - 2023-01-24 11:59:42,776
__main__ - INFO - 'behdad' login - 2023-01-24 11:59:49,605
__main__ - INFO - start game - 2023-01-24 12:07:17,137
__main__ - INFO - The user is in the 'main' section - 2023-01-24 12:07:20,552
__main__ - INFO - The user entered the '-login' command in the 'main' section - 2023-01-24 12:07:28,018
__main__ - INFO - The user is in the 'login' section - 2023-01-24 12:07:28,028
__main__ - INFO - start game - 2023-01-24 12:08:01,978
__main__ - INFO - The user is in the 'main' section - 2023-01-24 12:08:05,520
__main__ - INFO - The user entered the '-login' command in the 'main' section - 2023-01-24 12:08:08,251
__main__ - INFO - The user is in the 'login' section - 2023-01-24 12:08:08,260
__main__ - INFO - The user entered the '-return' command in the 'login' section - 2023-01-24 12:08:14,500
__main__ - INFO - The user is in the 'main' section - 2023-01-24 12:08:14,509
__main__ - INFO - The user entered the '-register' command in the 'main' section - 2023-01-24 12:08:25,292
__main__ - INFO - The user is in the 'register' section - 2023-01-24 12:08:25,302
__main__ - INFO - The user entered the '-return' command in the 'register' section - 2023-01-24 12:09:04,797
__main__ - INFO - The user is in the 'main' section - 2023-01-24 12:09:04,812
__main__ - INFO - the user entered an unauthorized command >>> login[d[d in the 'main' section - 2023-01-24 12:09:15,125
__main__ - INFO - The user is in the 'main' section - 2023-01-24 12:09:15,832
__main__ - INFO - The user entered the '-login' command in the 'main' section - 2023-01-24 12:09:17,749
__main__ - INFO - The user is in the 'login' section - 2023-01-24 12:09:17,759
__main__ - INFO - start game - 2023-01-24 12:11:30,497
__main__ - INFO - The user is in the 'main' section - 2023-01-24 12:11:33,880
__main__ - INFO - The user entered the '-login' command in the 'main' section - 2023-01-24 12:11:42,978
__main__ - INFO - The user is in the 'login' section - 2023-01-24 12:11:42,987
__main__ - INFO - 'behdad' entered '12345' password incorrectly - 2023-01-24 12:12:06,482
__main__ - INFO - The user is in the 'login' section - 2023-01-24 12:12:07,192
__main__ - INFO - 'behdad' login - 2023-01-24 12:12:12,108
__main__ - INFO - start game - 2023-01-24 12:16:52,738
__main__ - INFO - The user is in the 'main' section - 2023-01-24 12:16:56,303
__main__ - INFO - The user entered the '-login' command in the 'main' section - 2023-01-24 12:16:59,387
__main__ - INFO - The user is in the 'login' section - 2023-01-24 12:16:59,396
__main__ - INFO - 'behdad' login - 2023-01-24 12:17:03,651
__main__ - INFO - start game - 2023-01-24 12:18:08,424
__main__ - INFO - The user is in the 'main' section - 2023-01-24 12:18:11,911
__main__ - INFO - The user entered the '-login' command in the 'main' section - 2023-01-24 12:18:15,548
__main__ - INFO - The user is in the 'login' section - 2023-01-24 12:18:15,558
__main__ - INFO - 'behdad' login - 2023-01-24 12:18:20,861
__main__ - INFO - start game - 2023-01-24 12:20:06,584
__main__ - INFO - The user is in the 'main' section - 2023-01-24 12:20:10,028
__main__ - INFO - The user entered the '-login' command in the 'main' section - 2023-01-24 12:20:12,864
__main__ - INFO - The user is in the 'login' section - 2023-01-24 12:20:12,875
__main__ - INFO - 'behdad' login - 2023-01-24 12:20:19,448
__main__ - INFO - behdad is in the 'level' section, wallet:55 - 2023-01-24 12:20:53,120
__main__ - INFO - the user entered an unauthorized command >>> behdad in the 'levels' section - 2023-01-24 12:20:57,322
__main__ - INFO - behdad is in the 'level' section, wallet:55 - 2023-01-24 12:20:58,038
__main__ - INFO - start game - 2023-01-24 12:27:32,545
__main__ - INFO - The user is in the 'main' section - 2023-01-24 12:27:35,967
__main__ - INFO - The user entered the '-login' command in the 'main' section - 2023-01-24 12:27:43,310
__main__ - INFO - The user is in the 'login' section - 2023-01-24 12:27:43,318
__main__ - INFO - 'behdad' login - 2023-01-24 12:27:47,125
__main__ - INFO - behdad is in the 'level' section, wallet:55 - 2023-01-24 12:27:57,766
__main__ - INFO - start game - 2023-01-24 12:29:18,716
__main__ - INFO - The user is in the 'main' section - 2023-01-24 12:29:22,285
__main__ - INFO - The user entered the '-login' command in the 'main' section - 2023-01-24 12:29:25,360
__main__ - INFO - The user is in the 'login' section - 2023-01-24 12:29:25,374
__main__ - INFO - 'behdad' login - 2023-01-24 12:29:29,008
__main__ - INFO - behdad is in the 'level' section, wallet:55 - 2023-01-24 12:29:35,335
__main__ - INFO - start game - 2023-01-24 17:32:48,035
__main__ - INFO - The user is in the 'main' section - 2023-01-24 17:32:51,560
__main__ - INFO - The user entered the '-login' command in the 'main' section - 2023-01-24 17:33:23,759
__main__ - INFO - The user is in the 'login' section - 2023-01-24 17:33:23,768
__main__ - INFO - 'behdad' login - 2023-01-24 17:34:27,856
__main__ - INFO - The user is in the 'select games' section - 2023-01-24 17:34:30,477
__main__ - INFO - The user entered the '-dad' command in the 'select games' section - 2023-01-24 17:34:35,201
__main__ - INFO - {'behdad'} is in the 'dungeon and dragon' section, wallet:55 - 2023-01-24 17:34:35,210
__main__ - INFO - start game - 2023-01-24 17:35:15,258
__main__ - INFO - The user is in the 'main' section - 2023-01-24 17:35:18,835
__main__ - INFO - The user entered the '-login' command in the 'main' section - 2023-01-24 17:35:24,427
__main__ - INFO - The user is in the 'login' section - 2023-01-24 17:35:24,436
__main__ - INFO - start game - 2023-01-24 17:36:17,368
__main__ - INFO - The user is in the 'main' section - 2023-01-24 17:36:20,861
__main__ - INFO - The user entered the '-login' command in the 'main' section - 2023-01-24 17:36:29,055
__main__ - INFO - The user is in the 'login' section - 2023-01-24 17:36:29,067
__main__ - INFO - 'behdad' login - 2023-01-24 17:36:35,060
__main__ - INFO - The user is in the 'select games' section - 2023-01-24 17:36:37,680
__main__ - INFO - The user entered the '-dad' command in the 'select games' section - 2023-01-24 17:36:40,438
__main__ - INFO - {'behdad'} is in the 'dungeon and dragon' section, wallet:55 - 2023-01-24 17:36:40,446
__main__ - INFO - start game - 2023-01-24 17:44:39,552
__main__ - INFO - The user is in the 'main' section - 2023-01-24 17:44:43,007
__main__ - INFO - the user entered an unauthorized command >>> =login in the 'main' section - 2023-01-24 17:44:47,650
__main__ - INFO - The user is in the 'main' section - 2023-01-24 17:44:48,361
__main__ - INFO - The user entered the '-login' command in the 'main' section - 2023-01-24 17:44:50,746
__main__ - INFO - The user is in the 'login' section - 2023-01-24 17:44:50,781
__main__ - INFO - start game - 2023-01-24 17:45:11,763
__main__ - INFO - The user is in the 'main' section - 2023-01-24 17:45:15,181
__main__ - INFO - start game - 2023-01-24 17:49:58,130
__main__ - INFO - The user is in the 'main' section - 2023-01-24 17:50:01,646
__main__ - INFO - The user entered the '-register' command in the 'main' section - 2023-01-24 17:50:51,172
__main__ - INFO - The user is in the 'register' section - 2023-01-24 17:50:51,183
__main__ - INFO - The user has not followed the password rules - 2023-01-24 17:51:15,253
__main__ - INFO - The user is in the 'register' section - 2023-01-24 17:51:15,968
__main__ - INFO - 'behdad' Duplicate username - 2023-01-24 17:51:22,908
__main__ - INFO - The user is in the 'register' section - 2023-01-24 17:51:23,623
__main__ - INFO - 'sepehr' registered - 2023-01-24 17:51:44,042
__main__ - INFO - The user is in the 'main' section - 2023-01-24 17:51:46,655
__main__ - INFO - The user entered the '-login' command in the 'main' section - 2023-01-24 17:51:55,600
__main__ - INFO - The user is in the 'login' section - 2023-01-24 17:51:55,610
__main__ - INFO - 'sepehr' login - 2023-01-24 17:51:59,448
__main__ - INFO - The user is in the 'select games' section - 2023-01-24 17:52:02,072
__main__ - INFO - The user entered the '-hm' command in the 'select games' section - 2023-01-24 17:52:08,073
__main__ - INFO - The user entered the '-dad' command in the 'select games' section - 2023-01-24 17:52:12,386
__main__ - INFO - {'sepehr'} is in the 'dungeon and dragon' section, wallet:50 - 2023-01-24 17:52:12,395
__main__ - INFO - start game - 2023-01-24 18:12:49,109
__main__ - INFO - The user is in the 'main' section - 2023-01-24 18:12:52,566
__main__ - INFO - The user entered the '-login' command in the 'main' section - 2023-01-24 18:12:55,448
__main__ - INFO - The user is in the 'login' section - 2023-01-24 18:12:55,457
__main__ - INFO - 'behdad' login - 2023-01-24 18:12:59,311
__main__ - INFO - The user is in the 'select games' section - 2023-01-24 18:13:01,922
__main__ - INFO - The user entered the '-dad' command in the 'select games' section - 2023-01-24 18:13:04,240
__main__ - INFO - {'behdad'} is in the 'dungeon and dragon' section, wallet:55 - 2023-01-24 18:13:04,247
__main__ - INFO - start game - 2023-01-24 18:13:49,763
__main__ - INFO - The user is in the 'main' section - 2023-01-24 18:13:53,103
__main__ - INFO - The user entered the '-login' command in the 'main' section - 2023-01-24 18:13:56,705
__main__ - INFO - The user is in the 'login' section - 2023-01-24 18:13:56,714
__main__ - INFO - 'behdad' login - 2023-01-24 18:14:03,913
__main__ - INFO - The user is in the 'select games' section - 2023-01-24 18:14:06,538
__main__ - INFO - The user entered the '-dad' command in the 'select games' section - 2023-01-24 18:14:09,586
__main__ - INFO - {'behdad'} is in the 'dungeon and dragon' section, wallet:55 - 2023-01-24 18:14:09,596
__main__ - INFO - start game - 2023-01-24 18:18:44,766
__main__ - INFO - The user is in the 'main' section - 2023-01-24 18:18:48,117
__main__ - INFO - The user entered the '-login' command in the 'main' section - 2023-01-24 18:18:50,594
__main__ - INFO - The user is in the 'login' section - 2023-01-24 18:18:50,602
__main__ - INFO - 'behdad' login - 2023-01-24 18:18:54,098
__main__ - INFO - The user is in the 'select games' section - 2023-01-24 18:18:56,710
__main__ - INFO - The user entered the '-dad' command in the 'select games' section - 2023-01-24 18:18:58,722
__main__ - INFO - {'behdad'} is in the 'dungeon and dragon' section, wallet:55 - 2023-01-24 18:18:58,730
__main__ - INFO - start game - 2023-01-24 18:56:30,567
__main__ - INFO - The user is in the 'main' section - 2023-01-24 18:56:34,302
__main__ - INFO - start game - 2023-01-24 18:56:41,839
__main__ - INFO - The user is in the 'main' section - 2023-01-24 18:56:45,201
__main__ - INFO - The user entered the '-login' command in the 'main' section - 2023-01-24 18:56:50,682
__main__ - INFO - The user is in the 'login' section - 2023-01-24 18:56:50,692
__main__ - INFO - 'behdad' login - 2023-01-24 18:56:53,842
__main__ - INFO - The user is in the 'select games' section - 2023-01-24 18:56:56,455
__main__ - INFO - The user entered the '-dad' command in the 'select games' section - 2023-01-24 18:56:58,930
__main__ - INFO - {'behdad'} is in the 'dungeon and dragon' section, wallet:55 - 2023-01-24 18:56:58,939
__main__ - INFO - start game - 2023-01-24 18:57:46,686
__main__ - INFO - The user is in the 'main' section - 2023-01-24 18:57:50,139
__main__ - INFO - The user entered the '-login' command in the 'main' section - 2023-01-24 18:58:03,180
__main__ - INFO - The user is in the 'login' section - 2023-01-24 18:58:03,189
__main__ - INFO - 'behdad' login - 2023-01-24 18:58:06,204
__main__ - INFO - The user is in the 'select games' section - 2023-01-24 18:58:08,808
__main__ - INFO - The user entered the '-dad' command in the 'select games' section - 2023-01-24 18:58:11,796
__main__ - INFO - {'behdad'} is in the 'dungeon and dragon' section, wallet:55 - 2023-01-24 18:58:11,805
__main__ - INFO - start game - 2023-01-24 18:59:58,779
__main__ - INFO - The user is in the 'main' section - 2023-01-24 19:00:02,151
__main__ - INFO - The user entered the '-login' command in the 'main' section - 2023-01-24 19:00:05,583
__main__ - INFO - The user is in the 'login' section - 2023-01-24 19:00:05,591
__main__ - INFO - 'behdad' login - 2023-01-24 19:00:10,280
__main__ - INFO - The user is in the 'select games' section - 2023-01-24 19:00:12,906
__main__ - INFO - The user entered the '-dad' command in the 'select games' section - 2023-01-24 19:00:16,376
__main__ - INFO - {'behdad'} is in the 'dungeon and dragon' section, wallet:55 - 2023-01-24 19:00:16,385
__main__ - INFO - {'behdad'} is in the 'dungeon and dragon' section, wallet:45 - 2023-01-24 19:00:54,763
__main__ - INFO - behdad entered the '-return' command in the 'dungeon and dragon' section - 2023-01-24 19:01:17,850
__main__ - INFO - the user entered an unauthorized command >>> -log in the 'select games' section - 2023-01-24 19:01:31,154
__main__ - INFO - behdad entered the '-logout' command in the 'games' section and logged out, wallet:45 - 2023-01-24 19:01:34,466
__main__ - INFO - The user is in the 'main' section - 2023-01-24 19:01:36,384
__main__ - INFO - The user entered the '-exit' command in the 'main' section - 2023-01-24 19:01:38,290
__main__ - INFO - end game - 2023-01-24 19:01:40,311
__main__ - INFO - start game - 2023-01-24 19:17:58,521
__main__ - INFO - The user is in the 'main' section - 2023-01-24 19:18:01,875
__main__ - INFO - the user entered an unauthorized command >>> login in the 'main' section - 2023-01-24 19:18:05,608
__main__ - INFO - The user is in the 'main' section - 2023-01-24 19:18:06,319
__main__ - INFO - The user entered the '-login' command in the 'main' section - 2023-01-24 19:18:08,648
__main__ - INFO - The user is in the 'login' section - 2023-01-24 19:18:08,657
__main__ - INFO - the user entered an unauthorized command >>> -login in the 'main' section - 2023-01-24 19:18:20,976
__main__ - INFO - The user is in the 'login' section - 2023-01-24 19:18:21,687
__main__ - INFO - 'behdad' login - 2023-01-24 19:18:28,873
__main__ - INFO - The user is in the 'select games' section - 2023-01-24 19:18:31,490
__main__ - INFO - The user entered the '-dad' command in the 'select games' section - 2023-01-24 19:18:34,826
__main__ - INFO - {'behdad'} is in the 'dungeon and dragon' section, wallet:45 - 2023-01-24 19:18:34,842
__main__ - INFO - start game - 2023-01-24 19:23:09,059
__main__ - INFO - The user is in the 'main' section - 2023-01-24 19:23:12,561
__main__ - INFO - The user entered the '-login' command in the 'main' section - 2023-01-24 19:23:17,191
__main__ - INFO - The user is in the 'login' section - 2023-01-24 19:23:17,200
__main__ - INFO - 'behdad' login - 2023-01-24 19:23:20,511
__main__ - INFO - The user is in the 'select games' section - 2023-01-24 19:23:23,130
__main__ - INFO - The user entered the '-dad' command in the 'select games' section - 2023-01-24 19:23:27,728
__main__ - INFO - {'behdad'} is in the 'dungeon and dragon' section, wallet:45 - 2023-01-24 19:23:27,740
__main__ - INFO - start game - 2023-01-24 19:25:55,500
__main__ - INFO - The user is in the 'main' section - 2023-01-24 19:25:58,939
__main__ - INFO - The user entered the '-login' command in the 'main' section - 2023-01-24 19:26:04,948
__main__ - INFO - The user is in the 'login' section - 2023-01-24 19:26:04,958
__main__ - INFO - 'behdad' login - 2023-01-24 19:26:08,332
__main__ - INFO - The user is in the 'select games' section - 2023-01-24 19:26:10,947
__main__ - INFO - The user entered the '-dad' command in the 'select games' section - 2023-01-24 19:26:13,043
__main__ - INFO - {'behdad'} is in the 'dungeon and dragon' section, wallet:45 - 2023-01-24 19:26:13,053
__main__ - INFO - start game - 2023-01-24 19:27:25,545
__main__ - INFO - The user is in the 'main' section - 2023-01-24 19:27:28,992
__main__ - INFO - The user entered the '-login' command in the 'main' section - 2023-01-24 19:27:34,343
__main__ - INFO - The user is in the 'login' section - 2023-01-24 19:27:34,352
__main__ - INFO - 'behdad' login - 2023-01-24 19:27:38,158
__main__ - INFO - The user is in the 'select games' section - 2023-01-24 19:27:40,769
__main__ - INFO - The user entered the '-dad' command in the 'select games' section - 2023-01-24 19:27:42,342
__main__ - INFO - {'behdad'} is in the 'dungeon and dragon' section, wallet:45 - 2023-01-24 19:27:42,351
__main__ - INFO - {'behdad'} is in the 'dungeon and dragon' section, wallet:63 - 2023-01-24 19:29:05,309
__main__ - INFO - start game - 2023-01-24 19:33:21,028
__main__ - INFO - The user is in the 'main' section - 2023-01-24 19:33:24,354
__main__ - INFO - start game - 2023-01-24 19:51:19,956
__main__ - INFO - The user is in the 'main' section - 2023-01-24 19:51:22,411
__main__ - INFO - The user entered the '-login' command in the 'main' section - 2023-01-24 19:51:31,858
__main__ - INFO - The user is in the 'login' section - 2023-01-24 19:51:31,867
__main__ - INFO - 'behdad' login - 2023-01-24 19:51:37,539
__main__ - INFO - The user is in the 'select games' section - 2023-01-24 19:51:40,154
__main__ - INFO - The user entered the '-dad' command in the 'select games' section - 2023-01-24 19:51:46,837
__main__ - INFO - {'behdad'} is in the 'dungeon and dragon' section, wallet:45 - 2023-01-24 19:51:46,846
__main__ - INFO - start game - 2023-01-24 19:52:55,790
__main__ - INFO - The user is in the 'main' section - 2023-01-24 19:52:58,285
__main__ - INFO - The user entered the '-login' command in the 'main' section - 2023-01-24 19:53:01,291
__main__ - INFO - The user is in the 'login' section - 2023-01-24 19:53:01,299
__main__ - INFO - 'behdad' login - 2023-01-24 19:53:05,706
__main__ - INFO - The user is in the 'select games' section - 2023-01-24 19:53:08,321
__main__ - INFO - The user entered the '-dad' command in the 'select games' section - 2023-01-24 19:53:11,695
__main__ - INFO - {'behdad'} is in the 'dungeon and dragon' section, wallet:45 - 2023-01-24 19:53:11,702
__main__ - INFO - start game - 2023-01-24 19:55:57,577
__main__ - INFO - The user is in the 'main' section - 2023-01-24 19:55:59,973
__main__ - INFO - The user entered the '-login' command in the 'main' section - 2023-01-24 19:56:13,218
__main__ - INFO - The user is in the 'login' section - 2023-01-24 19:56:13,223
__main__ - INFO - The user entered the '-return' command in the 'login' section - 2023-01-24 19:56:24,224
__main__ - INFO - The user is in the 'main' section - 2023-01-24 19:56:24,232
__main__ - INFO - The user entered the '-register' command in the 'main' section - 2023-01-24 19:56:29,498
__main__ - INFO - The user is in the 'register' section - 2023-01-24 19:56:29,504
__main__ - INFO - start game - 2023-01-24 19:57:13,472
__main__ - INFO - The user is in the 'main' section - 2023-01-24 19:57:15,901
__main__ - INFO - The user entered the '-login' command in the 'main' section - 2023-01-24 19:57:20,375
__main__ - INFO - The user is in the 'login' section - 2023-01-24 19:57:20,380
__main__ - INFO - The user entered the '-return' command in the 'login' section - 2023-01-24 19:57:26,602
__main__ - INFO - The user is in the 'main' section - 2023-01-24 19:57:26,611
__main__ - INFO - The user entered the '-register' command in the 'main' section - 2023-01-24 19:57:29,454
__main__ - INFO - The user is in the 'register' section - 2023-01-24 19:57:29,461
__main__ - INFO - The user has not followed the password rules - 2023-01-24 19:57:34,155
__main__ - INFO - The user is in the 'register' section - 2023-01-24 19:57:34,863
__main__ - INFO - The user entered the '-return' command in the 'register' section - 2023-01-24 19:57:38,747
__main__ - INFO - The user is in the 'main' section - 2023-01-24 19:57:38,759
__main__ - INFO - the user entered an unauthorized command >>> nedad in the 'main' section - 2023-01-24 19:57:42,099
__main__ - INFO - The user is in the 'main' section - 2023-01-24 19:57:42,808
__main__ - INFO - the user entered an unauthorized command >>> @ in the 'main' section - 2023-01-24 19:57:45,443
__main__ - INFO - The user is in the 'main' section - 2023-01-24 19:57:46,154
__main__ - INFO - start game - 2023-01-24 20:06:39,007
__main__ - INFO - The user is in the 'main' section - 2023-01-24 20:06:41,574
__main__ - INFO - the user entered an unauthorized command >>>  in the 'main' section - 2023-01-24 20:06:42,622
__main__ - INFO - The user is in the 'main' section - 2023-01-24 20:06:43,333
__main__ - INFO - The user entered the '-login' command in the 'main' section - 2023-01-24 20:06:47,106
__main__ - INFO - The user is in the 'login' section - 2023-01-24 20:06:47,113
__main__ - INFO - 'behdad' entered '' password incorrectly - 2023-01-24 20:06:49,193
__main__ - INFO - The user is in the 'login' section - 2023-01-24 20:06:49,901
__main__ - INFO - 'das' entered '-ds' password incorrectly - 2023-01-24 20:06:53,063
__main__ - INFO - The user is in the 'login' section - 2023-01-24 20:06:53,775
__main__ - INFO - the user entered an unauthorized command >>> -ds in the 'login' section - 2023-01-24 20:06:55,080
__main__ - INFO - The user is in the 'login' section - 2023-01-24 20:06:55,791
__main__ - INFO - start game - 2023-01-24 22:34:12,290
__main__ - INFO - The user is in the 'main' section - 2023-01-24 22:34:14,674
__main__ - INFO - The user entered the '-login' command in the 'main' section - 2023-01-24 22:34:19,428
__main__ - INFO - The user is in the 'login' section - 2023-01-24 22:34:19,436
__main__ - INFO - 'behdad' login - 2023-01-24 22:34:23,765
__main__ - INFO - The user is in the 'select games' section - 2023-01-24 22:34:26,394
__main__ - INFO - The user entered the '-dad' command in the 'select games' section - 2023-01-24 22:34:30,714
__main__ - INFO - {'behdad'} is in the 'dungeon and dragon' section, wallet:45 - 2023-01-24 22:34:30,722
__main__ - INFO - start game - 2023-01-24 22:47:16,700
__main__ - INFO - The user is in the 'main' section - 2023-01-24 22:47:19,102
__main__ - INFO - The user entered the '-login' command in the 'main' section - 2023-01-24 22:47:22,030
__main__ - INFO - The user is in the 'login' section - 2023-01-24 22:47:22,039
__main__ - INFO - 'behdad' login - 2023-01-24 22:47:25,358
__main__ - INFO - The user is in the 'select games' section - 2023-01-24 22:47:28,004
__main__ - INFO - The user entered the '-dad' command in the 'select games' section - 2023-01-24 22:47:29,649
__main__ - INFO - {'behdad'} is in the 'dungeon and dragon' section, wallet:45 - 2023-01-24 22:47:29,658
__main__ - INFO - start game - 2023-01-24 22:49:59,259
__main__ - INFO - The user is in the 'main' section - 2023-01-24 22:50:01,651
__main__ - INFO - The user entered the '-login' command in the 'main' section - 2023-01-24 22:50:14,810
__main__ - INFO - The user is in the 'login' section - 2023-01-24 22:50:14,818
__main__ - INFO - 'behdad' login - 2023-01-24 22:50:19,953
__main__ - INFO - The user is in the 'select games' section - 2023-01-24 22:50:22,596
__main__ - INFO - The user entered the '-dad' command in the 'select games' section - 2023-01-24 22:50:24,258
__main__ - INFO - {'behdad'} is in the 'dungeon and dragon' section, wallet:45 - 2023-01-24 22:50:24,268
__main__ - INFO - start game - 2023-01-24 22:51:56,089
__main__ - INFO - The user is in the 'main' section - 2023-01-24 22:51:58,467
__main__ - INFO - The user entered the '-login' command in the 'main' section - 2023-01-24 22:52:08,649
__main__ - INFO - The user is in the 'login' section - 2023-01-24 22:52:08,659
__main__ - INFO - 'behdad' login - 2023-01-24 22:52:12,093
__main__ - INFO - The user is in the 'select games' section - 2023-01-24 22:52:14,742
__main__ - INFO - The user entered the '-dad' command in the 'select games' section - 2023-01-24 22:52:17,407
__main__ - INFO - {'behdad'} is in the 'dungeon and dragon' section, wallet:45 - 2023-01-24 22:52:17,415
__main__ - INFO - {'behdad'} is in the 'dungeon and dragon' section, wallet:63 - 2023-01-24 22:52:35,157
__main__ - INFO - start game - 2023-01-25 10:39:42,585
__main__ - INFO - The user is in the 'main' section - 2023-01-25 10:39:44,923
__main__ - INFO - The user entered the '-login' command in the 'main' section - 2023-01-25 10:39:50,608
__main__ - INFO - The user is in the 'login' section - 2023-01-25 10:39:50,620
__main__ - INFO - 'behdad' login - 2023-01-25 10:39:55,194
__main__ - INFO - The user is in the 'select games' section - 2023-01-25 10:39:57,808
__main__ - INFO - The user entered the '-dad' command in the 'select games' section - 2023-01-25 10:40:00,107
__main__ - INFO - {'behdad'} is in the 'dungeon and dragon' section, wallet:45 - 2023-01-25 10:40:00,115
